SF:lib\main.dart
DA:4,0
DA:5,0
DA:9,2
DA:11,1
DA:13,1
DA:15,1
DA:31,1
DA:39,1
DA:52,1
DA:53,1
DA:63,1
DA:65,1
DA:66,1
DA:69,1
DA:70,1
DA:71,0
DA:72,0
DA:73,0
DA:74,0
DA:78,1
DA:79,1
DA:80,0
DA:81,0
DA:82,0
DA:85,1
DA:86,2
DA:87,3
DA:88,3
DA:89,3
DA:91,1
DA:94,0
DA:95,0
DA:96,0
DA:97,0
DA:98,0
DA:100,0
DA:103,6
DA:104,6
DA:105,4
DA:107,1
DA:109,1
DA:110,1
DA:112,1
DA:114,1
DA:116,1
DA:117,1
DA:118,2
DA:119,2
DA:120,2
DA:123,1
DA:124,2
DA:128,1
DA:129,1
DA:130,2
DA:133,1
DA:134,0
DA:136,0
DA:137,0
DA:152,1
DA:153,1
DA:155,1
DA:156,1
DA:157,1
DA:159,0
DA:161,1
DA:163,2
DA:166,1
DA:167,1
DA:171,1
LF:69
LH:50
end_of_record
